  main.cpp
C:\Programming\Pong\Pong\main.cpp(38): warning C4244: 'argument': conversion from 'T' to 'T', possible loss of data
          with
          [
              T=unsigned int
          ]
          and
          [
              T=float
          ]
C:\Programming\Pong\Pong\main.cpp(40): warning C4244: 'argument': conversion from 'T' to 'float', possible loss of data
          with
          [
              T=unsigned int
          ]
C:\Programming\Pong\Pong\main.cpp(43): warning C4244: 'argument': conversion from 'T' to 'T', possible loss of data
          with
          [
              T=unsigned int
          ]
          and
          [
              T=float
          ]
C:\Programming\Pong\Pong\main.cpp(54): warning C4244: 'argument': conversion from 'T' to 'float', possible loss of data
          with
          [
              T=unsigned int
          ]
C:\Programming\Pong\Pong\main.cpp(59): warning C4244: 'argument': conversion from 'T' to 'float', possible loss of data
          with
          [
              T=unsigned int
          ]
C:\Programming\Pong\Pong\main.cpp(115): warning C4244: '=': conversion from 'const T' to 'int', possible loss of data
          with
          [
              T=float
          ]
C:\Programming\Pong\Pong\main.cpp(116): warning C4018: '<': signed/unsigned mismatch
C:\Programming\Pong\Pong\main.cpp(125): warning C4244: '=': conversion from 'const T' to 'int', possible loss of data
          with
          [
              T=float
          ]
C:\Programming\Pong\Pong\main.cpp(135): warning C4244: '=': conversion from 'const T' to 'int', possible loss of data
          with
          [
              T=float
          ]
C:\Programming\Pong\Pong\main.cpp(136): warning C4018: '<': signed/unsigned mismatch
C:\Programming\Pong\Pong\main.cpp(145): warning C4244: '=': conversion from 'const T' to 'int', possible loss of data
          with
          [
              T=float
          ]
C:\Programming\Pong\Pong\main.cpp(180): warning C4244: '=': conversion from 'T' to 'int', possible loss of data
          with
          [
              T=float
          ]
C:\Programming\Pong\Pong\main.cpp(183): warning C4244: '=': conversion from 'double' to 'int', possible loss of data
C:\Programming\Pong\Pong\main.cpp(216): warning C4244: '=': conversion from 'T' to 'int', possible loss of data
          with
          [
              T=float
          ]
C:\Programming\Pong\Pong\main.cpp(219): warning C4244: '=': conversion from 'double' to 'int', possible loss of data
C:\Programming\Pong\Pong\main.cpp(280): warning C4244: 'argument': conversion from 'int' to 'float', possible loss of data
  Pong.vcxproj -> C:\Programming\Pong\Debug\Pong.exe
